C:\FDOS\nls\makecmd.bat
C:\FDOS\nls\cmd-yu43.com
C:\FDOS\nls\cmd-yu.com
C:\FDOS\nls\cmd-ua.com
C:\FDOS\nls\cmd-sv.com
C:\FDOS\nls\cmd-ru.com
C:\FDOS\nls\cmd-pt.com
C:\FDOS\nls\cmd-pl.com
C:\FDOS\nls\cmd-nl.com
C:\FDOS\nls\cmd-it.com
C:\FDOS\nls\cmd-fr.com
C:\FDOS\nls\cmd-es.com
C:\FDOS\nls\cmd-en.com
C:\FDOS\nls\cmd-de.com
C:\FDOS\help\freecom.en
C:\FDOS\help\command.en
C:\FDOS\doc\command\vspawn.txt
C:\FDOS\doc\command\version.txt
C:\FDOS\doc\command\readme.txt
C:\FDOS\doc\command\read1st.txt
C:\FDOS\doc\command\k-swap.txt
C:\FDOS\doc\command\freecom.htm
C:\FDOS\doc\command\file_id.diz
C:\FDOS\doc\command\cmd.htm
C:\FDOS\bin\fdcom.ico
C:\FDOS\bin\command.com
C:\FDOS\appinfo\command.lsm
