C:\FDOS\doc\cpidos\readme.txt
C:\FDOS\doc\cpidos\history.txt
C:\FDOS\doc\cpidos\copying.txt
C:\FDOS\doc\cpidos\codepage.txt
C:\FDOS\cpi\ega9.cpx
C:\FDOS\cpi\ega8.cpx
C:\FDOS\cpi\ega7.cpx
C:\FDOS\cpi\ega6.cpx
C:\FDOS\cpi\ega5.cpx
C:\FDOS\cpi\ega4.cpx
C:\FDOS\cpi\ega3.cpx
C:\FDOS\cpi\ega2.cpx
C:\FDOS\cpi\ega18.cpx
C:\FDOS\cpi\ega17.cpx
C:\FDOS\cpi\ega16.cpx
C:\FDOS\cpi\ega15.cpx
C:\FDOS\cpi\ega14.cpx
C:\FDOS\cpi\ega13.cpx
C:\FDOS\cpi\ega12.cpx
C:\FDOS\cpi\ega11.cpx
C:\FDOS\cpi\ega10.cpx
C:\FDOS\cpi\ega.cpx
C:\FDOS\appinfo\cpidos.lsm
