C:\FDOS\doc\ctmouse\wheelapi.txt
C:\FDOS\doc\ctmouse\uartnote.txt
C:\FDOS\doc\ctmouse\technote.txt
C:\FDOS\doc\ctmouse\protocol.txt
C:\FDOS\doc\ctmouse\jwasm.txt
C:\FDOS\doc\ctmouse\int33.lst
C:\FDOS\doc\ctmouse\int10.lst
C:\FDOS\doc\ctmouse\history.txt
C:\FDOS\doc\ctmouse\files.lst
C:\FDOS\doc\ctmouse\extend.txt
C:\FDOS\doc\ctmouse\ctmouse.txt
C:\FDOS\bin\ctmouse.exe
C:\FDOS\bin\ctmouse\protocol.com
C:\FDOS\bin\ctmouse\mousetst.com
C:\FDOS\bin\ctmouse\ctmdebug.exe
C:\FDOS\bin\ctmouse\ctm-sk.exe
C:\FDOS\bin\ctmouse\ctm-pt.exe
C:\FDOS\bin\ctmouse\ctm-pl.exe
C:\FDOS\bin\ctmouse\ctm-nl.exe
C:\FDOS\bin\ctmouse\ctm-lv.exe
C:\FDOS\bin\ctmouse\ctm-it.exe
C:\FDOS\bin\ctmouse\ctm-hu.exe
C:\FDOS\bin\ctmouse\ctm-fr.exe
C:\FDOS\bin\ctmouse\ctm-es.exe
C:\FDOS\bin\ctmouse\ctm-en.exe
C:\FDOS\bin\ctmouse\ctm-de.exe
C:\FDOS\bin\ctmouse\ctm-br.exe
C:\FDOS\bin\ctmouse\comtest.com
C:\FDOS\bin\ctmouse\com2exe.exe
C:\FDOS\appinfo\ctmouse.lsm
