C:\FDOS\help\doslfn.en
C:\FDOS\help\doslfn.de
C:\FDOS\doc\doslfn\todo.txt
C:\FDOS\doc\doslfn\tbl.txt
C:\FDOS\doc\doslfn\lowdma.txt
C:\FDOS\doc\doslfn\doslfn.txt
C:\FDOS\bin\doslfn.com
C:\FDOS\bin\cp950uni.tbl
C:\FDOS\bin\cp949uni.tbl
C:\FDOS\bin\cp936uni.tbl
C:\FDOS\bin\cp932uni.tbl
C:\FDOS\bin\cp874uni.tbl
C:\FDOS\bin\cp869uni.tbl
C:\FDOS\bin\cp866uni.tbl
C:\FDOS\bin\cp865uni.tbl
C:\FDOS\bin\cp864uni.tbl
C:\FDOS\bin\cp863uni.tbl
C:\FDOS\bin\cp862uni.tbl
C:\FDOS\bin\cp861uni.tbl
C:\FDOS\bin\cp860uni.tbl
C:\FDOS\bin\cp858uni.tbl
C:\FDOS\bin\cp857uni.tbl
C:\FDOS\bin\cp855uni.tbl
C:\FDOS\bin\cp852uni.tbl
C:\FDOS\bin\cp850uni.tbl
C:\FDOS\bin\cp775uni.tbl
C:\FDOS\bin\cp737uni.tbl
C:\FDOS\bin\cp720uni.tbl
C:\FDOS\bin\cp437uni.tbl
C:\FDOS\bin\c1258uni.tbl
C:\FDOS\appinfo\doslfn.lsm
