C:\FDOS\help\dosutil.en
C:\FDOS\doc\dosutil\form.txt
C:\FDOS\doc\dosutil\eupl-eng.pdf
C:\FDOS\doc\dosutil\dosutils.txt
C:\FDOS\bin\tr.com
C:\FDOS\bin\timestmp.com
C:\FDOS\bin\tee.com
C:\FDOS\bin\select.com
C:\FDOS\bin\scrdump.com
C:\FDOS\bin\rpn.com
C:\FDOS\bin\printf.exe
C:\FDOS\bin\printf.com
C:\FDOS\bin\pipeset.com
C:\FDOS\bin\invoke.com
C:\FDOS\bin\inline.com
C:\FDOS\bin\generr.com
C:\FDOS\bin\form.com
C:\FDOS\bin\fntool.com
C:\FDOS\bin\fam.com
C:\FDOS\bin\dumpenv.com
C:\FDOS\bin\cgenerr.com
C:\FDOS\bin\askecho.com
C:\FDOS\appinfo\dosutil.lsm
