C:\FDOS\nls\edlin.sv
C:\FDOS\nls\edlin.pt
C:\FDOS\nls\edlin.pl
C:\FDOS\nls\edlin.no
C:\FDOS\nls\edlin.nl
C:\FDOS\nls\edlin.la
C:\FDOS\nls\edlin.ja
C:\FDOS\nls\edlin.it
C:\FDOS\nls\edlin.is
C:\FDOS\nls\edlin.fr
C:\FDOS\nls\edlin.fi
C:\FDOS\nls\edlin.eu
C:\FDOS\nls\edlin.es
C:\FDOS\nls\edlin.eo
C:\FDOS\nls\edlin.en
C:\FDOS\nls\edlin.de
C:\FDOS\nls\edlin.da
C:\FDOS\doc\edlin\todo
C:\FDOS\doc\edlin\readme
C:\FDOS\doc\edlin\news
C:\FDOS\doc\edlin\install
C:\FDOS\doc\edlin\edlin.htm
C:\FDOS\doc\edlin\edlin-ja.txt
C:\FDOS\doc\edlin\edlin-ja.htm
C:\FDOS\doc\edlin\copying
C:\FDOS\doc\edlin\changelo
C:\FDOS\doc\edlin\authors
C:\FDOS\bin\edlin32.exe
C:\FDOS\bin\edlin16.exe
C:\FDOS\appinfo\edlin.lsm
