C:\FDOS\nls\htmlhelp.sv
C:\FDOS\nls\htmlhelp.sl
C:\FDOS\nls\htmlhelp.sk
C:\FDOS\nls\htmlhelp.pl
C:\FDOS\nls\htmlhelp.nl
C:\FDOS\nls\htmlhelp.it
C:\FDOS\nls\htmlhelp.en
C:\FDOS\nls\htmlhelp.de
C:\FDOS\help\index.htm
C:\FDOS\help\fdl.txt
C:\FDOS\help\en\index.htm
C:\FDOS\help\en\hhstndrd\hhstndrd.zip
C:\FDOS\help\en\help.htm
C:\FDOS\help\docinfo\bi\nls\en.bi
C:\FDOS\help\docinfo\bi\nls\de.bi
C:\FDOS\help\de\liesmich.1st
C:\FDOS\help\de\index.htm
C:\FDOS\help\de\hhstndrd\hhstndrd.zip
C:\FDOS\help\de\help.htm
C:\FDOS\doc\help\readme
C:\FDOS\doc\help\history
C:\FDOS\doc\help\copying
C:\FDOS\doc\help\bugs
C:\FDOS\bin\help.exe
C:\FDOS\bin\bookshlf.exe
C:\FDOS\appinfo\help.lsm
