C:\FDOS\doc\jemm\xdma32.txt
C:\FDOS\doc\jemm\xcdrom32.txt
C:\FDOS\doc\jemm\readme.txt
C:\FDOS\doc\jemm\jload.txt
C:\FDOS\doc\jemm\history.txt
C:\FDOS\doc\jemm\gnu_gpl.txt
C:\FDOS\doc\jemm\artistic.txt
C:\FDOS\bin\xmsstat.exe
C:\FDOS\bin\xdma32.dll
C:\FDOS\bin\xcdrom32.dll
C:\FDOS\bin\umbm.exe
C:\FDOS\bin\movexbda.exe
C:\FDOS\bin\memstat.exe
C:\FDOS\bin\jload.exe
C:\FDOS\bin\jemmex.exe
C:\FDOS\bin\jemm386.exe
C:\FDOS\bin\jemfbhlp.exe
C:\FDOS\bin\emsstat.exe
C:\FDOS\bin\cpustat.exe
C:\FDOS\appinfo\jemm.lsm
