C:\FDOS\doc\keyb\layouts\us-intl.txt
C:\FDOS\doc\keyb\layouts\uk-intl.txt
C:\FDOS\doc\keyb\layouts\sp-intl.txt
C:\FDOS\doc\keyb\layouts\russia.txt
C:\FDOS\doc\keyb\layouts\readme.txt
C:\FDOS\doc\keyb\layouts\po-intl.txt
C:\FDOS\doc\keyb\layouts\layouts.txt
C:\FDOS\doc\keyb\layouts\jp106.txt
C:\FDOS\doc\keyb\layouts\it-intl.txt
C:\FDOS\doc\keyb\layouts\history.txt
C:\FDOS\doc\keyb\layouts\georgia.txt
C:\FDOS\doc\keyb\layouts\fr-intl.txt
C:\FDOS\doc\keyb\layouts\enhanced.txt
C:\FDOS\doc\keyb\layouts\copying.txt
C:\FDOS\doc\keyb\layouts\cherokee.txt
C:\FDOS\doc\keyb\layouts\be-intl.txt
C:\FDOS\bin\keybrd4.sys
C:\FDOS\bin\keybrd3.sys
C:\FDOS\bin\keybrd2.sys
C:\FDOS\bin\keyboard.sys
C:\FDOS\appinfo\keyb_lay.lsm
