C:\FDOS\help\dosusb.en
C:\FDOS\doc\dosusb\usbintro.doc
C:\FDOS\doc\dosusb\usbapi.doc
C:\FDOS\doc\dosusb\read.me
C:\FDOS\doc\dosusb\changes.doc
C:\FDOS\bin\vendorid.usb
C:\FDOS\bin\vendorid.pnp
C:\FDOS\bin\vendorid.pci
C:\FDOS\bin\vendorid.com
C:\FDOS\bin\usbuhcil.ovl
C:\FDOS\bin\usbuhcil.com
C:\FDOS\bin\usbuhci.ovl
C:\FDOS\bin\usbuhci.com
C:\FDOS\bin\usbsupt1.com
C:\FDOS\bin\usbprint.com
C:\FDOS\bin\usbmouse.com
C:\FDOS\bin\usbkeyb.com
C:\FDOS\bin\usbjstik.com
C:\FDOS\bin\usbhub.com
C:\FDOS\bin\usbhosts.com
C:\FDOS\bin\usbdrive.com
C:\FDOS\bin\usbdevic.com
C:\FDOS\bin\uni2asci.com
C:\FDOS\bin\thrust.com
C:\FDOS\bin\scantest.com
C:\FDOS\bin\ps2mtest.com
C:\FDOS\bin\irq.com
C:\FDOS\bin\inklevel.com
C:\FDOS\bin\hidsupt1.com
C:\FDOS\bin\drives.com
C:\FDOS\bin\boundtst.com
C:\FDOS\appinfo\usbdos.lsm
