C:\FDOS\doc\v8power\roadmap.txt
C:\FDOS\doc\v8power\readme.txt
C:\FDOS\doc\v8power\license
C:\FDOS\bin\vver.com
C:\FDOS\bin\vstr.com
C:\FDOS\bin\vprogres.com
C:\FDOS\bin\vpcspkr.com
C:\FDOS\bin\vpause.com
C:\FDOS\bin\vmode.com
C:\FDOS\bin\vmath.com
C:\FDOS\bin\vline.com
C:\FDOS\bin\vinsert.com
C:\FDOS\bin\vinfo.com
C:\FDOS\bin\vgotoxy.com
C:\FDOS\bin\vframe.com
C:\FDOS\bin\vfdutil.com
C:\FDOS\bin\verrlvl.com
C:\FDOS\bin\vecho.com
C:\FDOS\bin\vdelete.com
C:\FDOS\bin\vdelay.com
C:\FDOS\bin\vcursor.com
C:\FDOS\bin\vcls.com
C:\FDOS\bin\vchoice.com
C:\FDOS\bin\vask.com
C:\FDOS\bin\v8help.bat
C:\FDOS\appinfo\v8power.lsm
