C:\FDOS\help\xkeybres
C:\FDOS\help\xkeyb
C:\FDOS\help\listxdef
C:\FDOS\help\keyman
C:\FDOS\doc\xkeyb\xkeyb.txt
C:\FDOS\doc\xkeyb\history.txt
C:\FDOS\doc\xkeyb\copying.txt
C:\FDOS\doc\keypacks\reduced\readme.txt
C:\FDOS\doc\keypacks\reduced\layouts.txt
C:\FDOS\doc\keypacks\reduced\history.txt
C:\FDOS\doc\keypacks\reduced\copying.txt
C:\FDOS\bin\xkeybres.exe
C:\FDOS\bin\xkeyb.exe
C:\FDOS\bin\scankbd.exe
C:\FDOS\bin\pc437.key
C:\FDOS\bin\listxdef.exe
C:\FDOS\bin\keyman.exe
C:\FDOS\bin\keyb.bat
C:\FDOS\bin\key\yu.key
C:\FDOS\bin\key\us.key
C:\FDOS\bin\key\us-lv.key
C:\FDOS\bin\key\uk168437.key
C:\FDOS\bin\key\uk168.key
C:\FDOS\bin\key\uk.key
C:\FDOS\bin\key\uk-cp437.key
C:\FDOS\bin\key\tr.key
C:\FDOS\bin\key\sv.key
C:\FDOS\bin\key\sv-cp437.key
C:\FDOS\bin\key\su.key
C:\FDOS\bin\key\su-cp437.key
C:\FDOS\bin\key\sp.key
C:\FDOS\bin\key\sp-cp437.key
C:\FDOS\bin\key\sk.key
C:\FDOS\bin\key\sg.key
C:\FDOS\bin\key\sg-cp437.key
C:\FDOS\bin\key\sf.key
C:\FDOS\bin\key\sf-cp437.key
C:\FDOS\bin\key\ru.key
C:\FDOS\bin\key\rdvorak.key
C:\FDOS\bin\key\po.key
C:\FDOS\bin\key\po-cp860.key
C:\FDOS\bin\key\pl.key
C:\FDOS\bin\key\pc860.key
C:\FDOS\bin\key\pc850.key
C:\FDOS\bin\key\pc437.key
C:\FDOS\bin\key\no.key
C:\FDOS\bin\key\no-cp865.key
C:\FDOS\bin\key\nl.key
C:\FDOS\bin\key\nl-cp437.key
C:\FDOS\bin\key\ldvorak.key
C:\FDOS\bin\key\la.key
C:\FDOS\bin\key\la-cp437.key
C:\FDOS\bin\key\jp106.key
C:\FDOS\bin\key\it142437.key
C:\FDOS\bin\key\it142.key
C:\FDOS\bin\key\it.key
C:\FDOS\bin\key\it-cp437.key
C:\FDOS\bin\key\hu208.key
C:\FDOS\bin\key\hu.key
C:\FDOS\bin\key\gr2.key
C:\FDOS\bin\key\gr.key
C:\FDOS\bin\key\gr-cp437.key
C:\FDOS\bin\key\fr.key
C:\FDOS\bin\key\fr-cp437.key
C:\FDOS\bin\key\ecma.key
C:\FDOS\bin\key\dvorak.key
C:\FDOS\bin\key\dk.key
C:\FDOS\bin\key\dk-cp865.key
C:\FDOS\bin\key\cz.key
C:\FDOS\bin\key\cf.key
C:\FDOS\bin\key\cf-cp863.key
C:\FDOS\bin\key\br850.key
C:\FDOS\bin\key\br275.key
C:\FDOS\bin\key\br274437.key
C:\FDOS\bin\key\br274.key
C:\FDOS\bin\key\bepo_863.key
C:\FDOS\bin\key\bepo_850.key
C:\FDOS\bin\key\bepo_437.key
C:\FDOS\bin\key\be.key
C:\FDOS\bin\key\be-cp437.key
C:\FDOS\appinfo\xkeyb.lsm
