
                        Performance Profile Database
                        ----------------------------

This file contains a log of all the performance profiling measurements that
SciTech Software has run on their extensive collection of PCI and VLB based
video cards. All measurements were run on the same machines using exactly
the same software and version of UniVBE (utilitsing full VBE 2.0 support
for maximum performance in all cases).

The following lists the video modes that were profiled and their resolution:

    13h     - 320x200x8,  Standard VGA
    153h    - 320x200x8,  banked framebuffer (SciTech SuperVGA mode)
    101h    - 640x480x8,  banked framebuffer
    110h    - 640x480x15, banked framebuffer
    111h    - 640x480x16, banked framebuffer
    112h    - 640x480x24, banked framebuffer
    128h    - 640x480x32, banked framebuffer
    4153h   - 320x200x8,  linear framebuffer (SciTech SuperVGA mode)
    4101h   - 640x480x8,  linear framebuffer
    4110h   - 640x480x15, linear framebuffer
    4111h   - 640x480x16, linear framebuffer
    4112h   - 640x480x24, linear framebuffer
    4128h   - 640x480x32, linear framebuffer

The following results were obtained on the following system configuration:

    Intel Pentium P90 ISA/PCI motherboard
    Award 'Energy Star' BIOS
    256Kb cache, 16Mb DRAM

+---------------------------------+-------+-----------------+-----------------+
| Video card name                 |  mode | clears/s (Mb/s) | bitBlt/s (Mb/s) |
+---------------------------------+-------+-----------------+-----------------+
| Baseline/system RAM             |   N/A |     N/A (37.33) |     N/A (36.14) |
+---------------------------------+-------+-----------------+-----------------+
| #9 GXE64-Pro PCI 2Mb VRAM       |   13h |  347.04 (21.01) |  347.54 (21.04) |
| #9 GXE64-Pro PCI 2Mb VRAM       |  153h |  621.17 (37.61) |  589.15 (35.67) |
| #9 GXE64-Pro PCI 2Mb VRAM       |  101h |  157.84 (46.07) |  125.60 (36.66) |
| #9 GXE64-Pro PCI 2Mb VRAM       |  110h |   78.92 (46.08) |   54.18 (31.63) |
| #9 GXE64-Pro PCI 2Mb VRAM       |  111h |   78.92 (46.08) |   54.09 (31.58) |
| #9 GXE64-Pro PCI 2Mb VRAM       |  128h |   39.47 (46.08) |   26.96 (31.48) |
| #9 GXE64-Pro PCI 2Mb VRAM       | 4153h |  622.10 (37.66) |  590.37 (35.74) |
| #9 GXE64-Pro PCI 2Mb VRAM       | 4101h |  157.52 (45.98) |  125.24 (36.56) |
| #9 GXE64-Pro PCI 2Mb VRAM       | 4110h |   78.73 (45.96) |   54.04 (31.55) |
| #9 GXE64-Pro PCI 2Mb VRAM       | 4111h |   78.73 (45.96) |   53.95 (31.49) |
| #9 GXE64-Pro PCI 2Mb VRAM       | 4128h |   39.37 (45.97) |   26.89 (31.40) |
+---------------------------------+-------+-----------------+-----------------+
| ATI GU Pro PCI 2Mb VRAM         |   13h |  236.19 (14.30) |  236.07 (14.29) |
| ATI GU Pro PCI 2Mb VRAM         |  153h |  236.07 (14.29) |  235.85 (14.28) |
| ATI GU Pro PCI 2Mb VRAM         |  101h |   49.18 (14.35) |   49.15 (14.35) |
| ATI GU Pro PCI 2Mb VRAM         |  110h |   24.59 (14.35) |   24.58 (14.35) |
| ATI GU Pro PCI 2Mb VRAM         |  111h |   24.59 (14.35) |   24.58 (14.35) |
| ATI GU Pro PCI 2Mb VRAM         |  112h |    7.38 ( 6.46) |   16.39 (14.35) |
| ATI GU Pro PCI 2Mb VRAM         |  128h |   12.29 (14.35) |   12.29 (14.35) |
| ATI GU Pro PCI 2Mb VRAM         | 4153h |  805.18 (48.75) |  647.59 (39.21) |
| ATI GU Pro PCI 2Mb VRAM         | 4101h |  166.82 (48.70) |  123.82 (36.14) |
| ATI GU Pro PCI 2Mb VRAM         | 4110h |   83.41 (48.70) |   54.00 (31.53) |
| ATI GU Pro PCI 2Mb VRAM         | 4111h |   83.44 (48.71) |   53.92 (31.48) |
| ATI GU Pro PCI 2Mb VRAM         | 4112h |   13.31 (11.66) |   35.86 (31.40) |
| ATI GU Pro PCI 2Mb VRAM         | 4128h |   41.68 (48.67) |   26.89 (31.40) |
+---------------------------------+-------+-----------------+-----------------+
| ATI Gr XPression PCI 2Mb DRAM   |   13h |  236.19 (14.42) |  236.09 (14.41) |
| ATI Gr XPression PCI 2Mb DRAM   |  153h |  236.07 (14.41) |  235.90 (14.40) |
| ATI Gr XPression PCI 2Mb DRAM   |  101h |   49.17 (14.41) |   49.15 (14.40) |
| ATI Gr XPression PCI 2Mb DRAM   |  110h |   24.57 (14.40) |   24.56 (14.39) |
| ATI Gr XPression PCI 2Mb DRAM   |  111h |   24.57 (14.39) |   24.56 (14.39) |
| ATI Gr XPression PCI 2Mb DRAM   |  112h |    7.32 ( 6.44) |   16.38 (14.39) |
| ATI Gr XPression PCI 2Mb DRAM   |  128h |   12.27 (14.38) |   12.27 (14.38) |
| ATI Gr XPression PCI 2Mb DRAM   | 4153h |  858.21 (52.38) |  631.82 (38.56) |
| ATI Gr XPression PCI 2Mb DRAM   | 4101h |  157.34 (46.09) |  118.42 (34.69) |
| ATI Gr XPression PCI 2Mb DRAM   | 4110h |   63.38 (37.14) |   51.37 (30.10) |
| ATI Gr XPression PCI 2Mb DRAM   | 4111h |   63.38 (37.14) |   51.30 (30.06) |
| ATI Gr XPression PCI 2Mb DRAM   | 4112h |   10.89 ( 9.57) |   30.90 (27.16) |
| ATI Gr XPression PCI 2Mb DRAM   | 4128h |   23.43 (27.45) |   18.77 (21.99) |
+---------------------------------+-------+-----------------+-----------------+
| ET4000/W32p rev C PCI 2Mb DRAM  |   13h |  741.75 (45.27) |  617.05 (37.66) |
| ET4000/W32p rev C PCI 2Mb DRAM  |  153h |  740.92 (45.22) |  617.19 (37.67) |
| ET4000/W32p rev C PCI 2Mb DRAM  |  101h |  154.36 (45.22) |  120.12 (35.19) |
| ET4000/W32p rev C PCI 2Mb DRAM  |  110h |   77.17 (45.22) |   54.13 (31.72) |
| ET4000/W32p rev C PCI 2Mb DRAM  |  111h |   77.16 (45.21) |   54.08 (31.69) |
| ET4000/W32p rev C PCI 2Mb DRAM  |  112h |   10.58 ( 9.30) |   35.96 (31.60) |
| ET4000/W32p rev C PCI 2Mb DRAM  | 4153h |  741.73 (45.27) |  617.70 (37.70) |
| ET4000/W32p rev C PCI 2Mb DRAM  | 4101h |  153.84 (45.07) |  119.72 (35.07) |
| ET4000/W32p rev C PCI 2Mb DRAM  | 4110h |   76.88 (45.04) |   53.97 (31.62) |
| ET4000/W32p rev C PCI 2Mb DRAM  | 4111h |   76.87 (45.04) |   53.91 (31.59) |
| ET4000/W32p rev C PCI 2Mb DRAM  | 4112h |   10.59 ( 9.31) |   35.85 (31.51) |
+---------------------------------+-------+-----------------+-----------------+
| Sierra Falcon/64 PCI 2Mb DRAM   |   13h |  782.52 (47.76) |  560.59 (34.22) |
| Sierra Falcon/64 PCI 2Mb DRAM   |  153h |  836.55 (51.06) |  572.10 (34.92) |
| Sierra Falcon/64 PCI 2Mb DRAM   |  101h |  166.14 (48.67) |  111.27 (32.60) |
| Sierra Falcon/64 PCI 2Mb DRAM   |  110h |   73.86 (43.28) |   50.14 (29.38) |
| Sierra Falcon/64 PCI 2Mb DRAM   |  111h |   73.87 (43.28) |   50.08 (29.35) |
| Sierra Falcon/64 PCI 2Mb DRAM   |  112h |    8.76 ( 8.22) |   30.12 (28.23) |
| Sierra Falcon/64 PCI 2Mb DRAM   | 4153h |  838.21 (51.16) |  572.73 (34.96) |
| Sierra Falcon/64 PCI 2Mb DRAM   | 4101h |  165.67 (48.54) |  111.02 (32.53) |
| Sierra Falcon/64 PCI 2Mb DRAM   | 4110h |   73.70 (43.18) |   50.02 (29.31) |
| Sierra Falcon/64 PCI 2Mb DRAM   | 4111h |   73.70 (43.18) |   49.97 (29.28) |
| Sierra Falcon/64 PCI 2Mb DRAM   | 4112h |    8.76 ( 8.22) |   30.03 (28.16) |
+---------------------------------+-------+-----------------+-----------------+
| ALG2301 PCI 2Mb DRAM            |   13h |  372.34 (22.73) |  372.03 (22.71) |
| ALG2301 PCI 2Mb DRAM            |  153h |  372.38 (22.73) |  371.95 (22.70) |
| ALG2301 PCI 2Mb DRAM            |  101h |   77.57 (22.73) |   76.74 (22.48) |
| ALG2301 PCI 2Mb DRAM            |  110h |   38.79 (22.73) |   37.86 (22.19) |
| ALG2301 PCI 2Mb DRAM            |  111h |   38.79 (22.73) |   37.87 (22.19) |
| ALG2301 PCI 2Mb DRAM            |  112h |    7.08 ( 6.64) |   22.14 (20.75) |
+---------------------------------+-------+-----------------+-----------------+
| ALG2302 PCI 1Mb DRAM            |   13h |  915.12 (55.85) |  634.96 (38.75) |
| ALG2302 PCI 1Mb DRAM            |  153h |  913.98 (55.79) |  634.83 (38.75) |
| ALG2302 PCI 1Mb DRAM            |  101h |  189.29 (55.46) |  122.95 (36.02) |
| ALG2302 PCI 1Mb DRAM            |  110h |   87.34 (51.18) |   54.18 (31.75) |
| ALG2302 PCI 1Mb DRAM            |  111h |   87.34 (51.18) |   54.10 (31.70) |
| ALG2302 PCI 1Mb DRAM            |  112h |   11.32 (10.61) |   32.30 (30.28) |
| ALG2302 PCI 1Mb DRAM            | 4153h |  915.56 (55.88) |  635.47 (38.79) |
| ALG2302 PCI 1Mb DRAM            | 4101h |  188.38 (55.19) |  122.50 (35.89) |
| ALG2302 PCI 1Mb DRAM            | 4110h |   87.02 (50.99) |   54.01 (31.65) |
| ALG2302 PCI 1Mb DRAM            | 4111h |   87.03 (50.99) |   53.93 (31.60) |
| ALG2302 PCI 1Mb DRAM            | 4112h |   11.32 (10.61) |   32.25 (30.24) |
+---------------------------------+-------+-----------------+-----------------+
| Cirrus GD5434 PCI 2Mb DRAM      |   13h |  269.05 (16.42) |  268.89 (16.41) |
| Cirrus GD5434 PCI 2Mb DRAM      |  153h |  267.88 (16.35) |  267.63 (16.33) |
| Cirrus GD5434 PCI 2Mb DRAM      |  101h |   55.81 (16.35) |   55.76 (16.34) |
| Cirrus GD5434 PCI 2Mb DRAM      |  110h |   27.89 (16.34) |   27.87 (16.33) |
| Cirrus GD5434 PCI 2Mb DRAM      |  111h |   27.89 (16.34) |   27.88 (16.33) |
| Cirrus GD5434 PCI 2Mb DRAM      |  112h |    7.15 ( 6.70) |   17.37 (16.28) |
| Cirrus GD5434 PCI 2Mb DRAM      |  128h |   13.52 (15.84) |   13.50 (15.82) |
| Cirrus GD5434 PCI 2Mb DRAM      | 4153h |  267.97 (16.36) |  267.83 (16.35) |
| Cirrus GD5434 PCI 2Mb DRAM      | 4101h |   55.81 (16.35) |   55.80 (16.35) |
| Cirrus GD5434 PCI 2Mb DRAM      | 4110h |   27.90 (16.35) |   27.90 (16.35) |
| Cirrus GD5434 PCI 2Mb DRAM      | 4111h |   27.90 (16.35) |   27.90 (16.35) |
| Cirrus GD5434 PCI 2Mb DRAM      | 4112h |    7.15 ( 6.70) |   17.38 (16.30) |
| Cirrus GD5434 PCI 2Mb DRAM      | 4128h |   13.52 (15.84) |   13.51 (15.83) |
+---------------------------------+-------+-----------------+-----------------+
| ALi CAT-64 PCI 2Mb DRAM         |   13h |  740.99 (45.23) |  638.82 (38.99) |
| ALi CAT-64 PCI 2Mb DRAM         |  153h |  822.06 (50.17) |  628.26 (38.35) |
| ALi CAT-64 PCI 2Mb DRAM         |  101h |  158.95 (46.57) |  122.58 (35.91) |
| ALi CAT-64 PCI 2Mb DRAM         |  110h |   62.97 (36.90) |   52.12 (30.54) |
| ALi CAT-64 PCI 2Mb DRAM         |  111h |   62.97 (36.90) |   52.13 (30.54) |
| ALi CAT-64 PCI 2Mb DRAM         |  112h |    8.82 ( 8.27) |   25.40 (23.81) |
| ALi CAT-64 PCI 2Mb DRAM         | 4153h |  823.68 (50.27) |  628.91 (38.39) |
| ALi CAT-64 PCI 2Mb DRAM         | 4101h |  158.68 (46.49) |  122.16 (35.79) |
| ALi CAT-64 PCI 2Mb DRAM         | 4110h |   62.87 (36.84) |   52.03 (30.49) |
| ALi CAT-64 PCI 2Mb DRAM         | 4111h |   62.86 (36.83) |   52.03 (30.49) |
| ALi CAT-64 PCI 2Mb DRAM         | 4112h |    8.82 ( 8.27) |   25.39 (23.81) |
+---------------------------------+-------+-----------------+-----------------+
| ARK 1000PV PCI 1Mb DRAM         |   13h |  683.86 (41.74) |  660.83 (40.33) |
| ARK 1000PV PCI 1Mb DRAM         |  153h |  928.86 (56.69) |  710.85 (43.39) |
| ARK 1000PV PCI 1Mb DRAM         |  101h |  174.40 (51.09) |  134.99 (39.55) |
| ARK 1000PV PCI 1Mb DRAM         |  110h |   68.18 (39.95) |   58.44 (34.24) |
| ARK 1000PV PCI 1Mb DRAM         |  111h |   68.16 (39.94) |   58.45 (34.25) |
| ARK 1000PV PCI 1Mb DRAM         |  112h |    6.21 ( 5.45) |   16.64 (14.63) |
| ARK 1000PV PCI 1Mb DRAM         | 4153h |  930.46 (56.79) |  711.56 (43.43) |
| ARK 1000PV PCI 1Mb DRAM         | 4101h |  173.72 (50.89) |  134.45 (39.39) |
| ARK 1000PV PCI 1Mb DRAM         | 4110h |   68.16 (39.94) |   58.25 (34.13) |
| ARK 1000PV PCI 1Mb DRAM         | 4111h |   68.15 (39.93) |   58.26 (34.13) |
| ARK 1000PV PCI 1Mb DRAM         | 4112h |    6.21 ( 5.46) |   16.59 (14.58) |
+---------------------------------+-------+-----------------+-----------------+
| Spider Black Widow PCI 1Mb DRAM |   13h |   94.44 ( 5.76) |   94.41 ( 5.76) |
| Spider Black Widow PCI 1Mb DRAM |  153h |   94.40 ( 5.76) |   94.37 ( 5.76) |
| Spider Black Widow PCI 1Mb DRAM |  101h |   19.67 ( 5.76) |   19.65 ( 5.76) |
| Spider Black Widow PCI 1Mb DRAM |  110h |    6.18 ( 5.79) |    6.17 ( 5.79) |
| Spider Black Widow PCI 1Mb DRAM |  111h |    6.17 ( 5.79) |    6.17 ( 5.79) |
| Spider Black Widow PCI 1Mb DRAM |  112h |    3.45 ( 3.24) |    6.27 ( 5.88) |
+---------------------------------+-------+-----------------+-----------------+
| Compaq QVision1280 ISA 2Mb DRAM |   13h |   38.81 ( 2.37) |   38.80 ( 2.37) |
| Compaq QVision1280 ISA 2Mb DRAM |  153h |   38.80 ( 2.37) |   38.78 ( 2.37) |
| Compaq QVision1280 ISA 2Mb DRAM |  101h |    8.08 ( 2.37) |    8.08 ( 2.37) |
| Compaq QVision1280 ISA 2Mb DRAM |  110h |    4.04 ( 2.37) |    4.04 ( 2.37) |
| Compaq QVision1280 ISA 2Mb DRAM |  111h |    4.04 ( 2.37) |    4.04 ( 2.37) |
| Compaq QVision1280 ISA 2Mb DRAM | 4153h |   38.81 ( 2.37) |   38.79 ( 2.37) |
| Compaq QVision1280 ISA 2Mb DRAM | 4101h |    8.08 ( 2.37) |    8.08 ( 2.37) |
+---------------------------------+-------+-----------------+-----------------+

The following results were obtained on the following system configuration:

    Intel 486DX2/66 ISA/VLB motherboard
    Award 'Energy Star' BIOS
    256Kb cache, 8Mb DRAM

+---------------------------------+-------+-----------------+-----------------+
| Video card name                 |  mode | clears/s (Mb/s) | bitBlt/s (Mb/s) |
+---------------------------------+-------+-----------------+-----------------+
| Baseline/system RAM             |   N/A |     N/A (40.64) |     N/A (19.47) |
+---------------------------------+-------+-----------------+-----------------+
| S3 86c805revP VLB 1Mb DRAM      |   13h |  172.55 (10.45) |  144.25 ( 8.73) |
| S3 86c805revP VLB 1Mb DRAM      |  101h |   34.16 ( 9.97) |   26.65 ( 7.78) |
| S3 86c805revP VLB 1Mb DRAM      |  110h |   16.11 ( 9.41) |   12.60 ( 7.35) |
| S3 86c805revP VLB 1Mb DRAM      |  111h |   16.12 ( 9.41) |   12.60 ( 7.35) |
| S3 86c805revP VLB 1Mb DRAM      |  112h |    2.44 ( 2.14) |    5.95 ( 5.21) |
| S3 86c805revP VLB 1Mb DRAM      | 4101h |   34.18 ( 9.98) |   26.70 ( 7.80) |
| S3 86c805revP VLB 1Mb DRAM      | 4110h |   16.06 ( 9.37) |   12.62 ( 7.37) |
| S3 86c805revP VLB 1Mb DRAM      | 4111h |   16.06 ( 9.37) |   12.62 ( 7.37) |
| S3 86c805revP VLB 1Mb DRAM      | 4112h |    2.44 ( 2.13) |    5.96 ( 5.22) |
+---------------------------------+-------+-----------------+-----------------+
| ET4000/W32i revB VLB 2Mb DRAM   |   13h |  400.36 (24.24) |  282.16 (17.08) |
| ET4000/W32i revB VLB 2Mb DRAM   |  153h |  413.35 (25.02) |  281.39 (17.04) |
| ET4000/W32i revB VLB 2Mb DRAM   |  101h |   86.17 (25.15) |   51.22 (14.95) |
| ET4000/W32i revB VLB 2Mb DRAM   |  110h |   43.09 (25.16) |   25.61 (14.95) |
| ET4000/W32i revB VLB 2Mb DRAM   |  111h |   43.09 (25.16) |   25.62 (14.96) |
| ET4000/W32i revB VLB 2Mb DRAM   |  112h |    9.58 ( 8.39) |   17.08 (14.95) |
| ET4000/W32i revB VLB 2Mb DRAM   | 4153h |  414.05 (25.07) |  283.16 (17.14) |
| ET4000/W32i revB VLB 2Mb DRAM   | 4101h |   86.14 (25.15) |   51.37 (14.99) |
| ET4000/W32i revB VLB 2Mb DRAM   | 4110h |   43.07 (25.15) |   25.70 (15.00) |
| ET4000/W32i revB VLB 2Mb DRAM   | 4111h |   43.07 (25.15) |   25.69 (15.00) |
| ET4000/W32i revB VLB 2Mb DRAM   | 4112h |    9.58 ( 8.39) |   17.13 (15.00) |
+---------------------------------+-------+-----------------+-----------------+
| WD90C33 VLB 2Mb DRAM            |   13h |  102.54 ( 6.26) |  102.92 ( 6.28) |
| WD90C33 VLB 2Mb DRAM            |  101h |   37.80 (11.08) |   34.66 (10.15) |
| WD90C33 VLB 2Mb DRAM            |  110h |   17.90 (10.49) |   16.49 ( 9.66) |
| WD90C33 VLB 2Mb DRAM            |  111h |   17.61 (10.32) |   16.49 ( 9.66) |
| WD90C33 VLB 2Mb DRAM            |  112h |    2.63 ( 2.31) |    7.04 ( 6.19) |
| WD90C33 VLB 2Mb DRAM            | 4101h |   37.76 (11.06) |   34.70 (10.17) |
| WD90C33 VLB 2Mb DRAM            | 4110h |   17.89 (10.49) |   16.51 ( 9.67) |
| WD90C33 VLB 2Mb DRAM            | 4111h |   17.89 (10.48) |   16.51 ( 9.67) |
| WD90C33 VLB 2Mb DRAM            | 4112h |    2.63 ( 2.31) |    7.05 ( 6.20) |
+---------------------------------+-------+-----------------+-----------------+
| Trident 9400CXi VLB 1Mb DRAM    |   13h |  132.70 ( 8.10) |  118.63 ( 7.24) |
| Trident 9400CXi VLB 1Mb DRAM    |  153h |  295.47 (18.03) |  221.16 (13.50) |
| Trident 9400CXi VLB 1Mb DRAM    |  101h |   61.58 (18.04) |   41.09 (12.04) |
| Trident 9400CXi VLB 1Mb DRAM    |  110h |   30.77 (18.03) |   20.55 (12.04) |
| Trident 9400CXi VLB 1Mb DRAM    |  111h |   30.77 (18.03) |   20.55 (12.04) |
| Trident 9400CXi VLB 1Mb DRAM    |  112h |    4.06 ( 3.56) |   12.27 (10.78) |
| Trident 9400CXi VLB 1Mb DRAM    | 4153h |  295.82 (18.06) |  214.85 (13.11) |
| Trident 9400CXi VLB 1Mb DRAM    | 4101h |   61.57 (18.04) |   40.95 (12.00) |
| Trident 9400CXi VLB 1Mb DRAM    | 4110h |   30.77 (18.03) |   20.48 (12.00) |
| Trident 9400CXi VLB 1Mb DRAM    | 4111h |   30.77 (18.03) |   20.48 (12.00) |
| Trident 9400CXi VLB 1Mb DRAM    | 4112h |    4.06 ( 3.57) |   12.19 (10.71) |
+---------------------------------+-------+-----------------+-----------------+
| Diamond Stealth 64 VLB 2Mb DRAM |   13h |  454.26 (27.73) |  326.54 (19.93) |
| Diamond Stealth 64 VLB 2Mb DRAM |  153h |  516.20 (31.51) |  325.54 (19.87) |
| Diamond Stealth 64 VLB 2Mb DRAM |  101h |  107.62 (31.53) |   57.99 (16.99) |
| Diamond Stealth 64 VLB 2Mb DRAM |  110h |   53.81 (31.53) |   28.74 (16.84) |
| Diamond Stealth 64 VLB 2Mb DRAM |  111h |   53.81 (31.53) |   28.74 (16.84) |
| Diamond Stealth 64 VLB 2Mb DRAM |  112h |   11.87 (11.13) |   18.12 (16.99) |
| Diamond Stealth 64 VLB 2Mb DRAM |  128h |   25.88 (30.33) |   14.34 (16.81) |
| Diamond Stealth 64 VLB 2Mb DRAM | 4153h |  517.53 (31.59) |  328.11 (20.03) |
| Diamond Stealth 64 VLB 2Mb DRAM | 4101h |  107.64 (31.54) |   58.18 (17.05) |
| Diamond Stealth 64 VLB 2Mb DRAM | 4110h |   53.83 (31.54) |   28.84 (16.90) |
| Diamond Stealth 64 VLB 2Mb DRAM | 4111h |   53.83 (31.54) |   29.10 (17.05) |
| Diamond Stealth 64 VLB 2Mb DRAM | 4112h |   11.87 (11.13) |   18.18 (17.05) |
| Diamond Stealth 64 VLB 2Mb DRAM | 4128h |   25.90 (30.36) |   14.39 (16.86) |
+---------------------------------+-------+-----------------+-----------------+
| #9 GXE64 VLB 2Mb DRAM           |   13h |  493.84 (30.14) |  326.52 (19.93) |
| #9 GXE64 VLB 2Mb DRAM           |  153h |  507.80 (30.99) |  321.48 (19.62) |
| #9 GXE64 VLB 2Mb DRAM           |  101h |  106.88 (31.31) |   57.99 (16.99) |
| #9 GXE64 VLB 2Mb DRAM           |  110h |   53.81 (31.53) |   28.80 (16.87) |
| #9 GXE64 VLB 2Mb DRAM           |  111h |   53.81 (31.53) |   29.00 (16.99) |
| #9 GXE64 VLB 2Mb DRAM           |  128h |   19.52 (22.88) |   14.37 (16.84) |
| #9 GXE64 VLB 2Mb DRAM           | 4153h |  517.53 (31.59) |  315.02 (19.23) |
| #9 GXE64 VLB 2Mb DRAM           | 4101h |  106.92 (31.32) |   58.17 (17.04) |
| #9 GXE64 VLB 2Mb DRAM           | 4110h |   53.83 (31.54) |   28.89 (16.93) |
| #9 GXE64 VLB 2Mb DRAM           | 4111h |   53.83 (31.54) |   29.09 (17.05) |
| #9 GXE64 VLB 2Mb DRAM           | 4128h |   19.53 (22.88) |   14.42 (16.90) |
+---------------------------------+-------+-----------------+-----------------+
| Diamond Stealth 32 VLB 2Mb DRAM |   13h |  517.14 (31.56) |  326.57 (19.93) |
| Diamond Stealth 32 VLB 2Mb DRAM |  153h |  516.39 (31.52) |  325.68 (19.88) |
| Diamond Stealth 32 VLB 2Mb DRAM |  101h |  107.66 (31.54) |   58.01 (17.00) |
| Diamond Stealth 32 VLB 2Mb DRAM |  110h |   53.84 (31.54) |   28.79 (16.87) |
| Diamond Stealth 32 VLB 2Mb DRAM |  111h |   53.84 (31.54) |   29.01 (17.00) |
| Diamond Stealth 32 VLB 2Mb DRAM |  112h |   11.97 (10.52) |   19.10 (16.79) |
| Diamond Stealth 32 VLB 2Mb DRAM | 4153h |  517.53 (31.59) |  327.97 (20.02) |
| Diamond Stealth 32 VLB 2Mb DRAM | 4101h |  107.64 (31.54) |   57.74 (16.92) |
| Diamond Stealth 32 VLB 2Mb DRAM | 4110h |   53.83 (31.54) |   29.10 (17.05) |
| Diamond Stealth 32 VLB 2Mb DRAM | 4111h |   53.83 (31.54) |   28.87 (16.92) |
| Diamond Stealth 32 VLB 2Mb DRAM | 4112h |   11.98 (10.53) |   19.27 (16.93) |
+---------------------------------+-------+-----------------+-----------------+
| Actix GE32+ VLB 1Mb DRAM        |   13h |  172.55 (10.53) |  144.23 ( 8.80) |
| Actix GE32+ VLB 1Mb DRAM        |  153h |  172.37 (10.52) |  141.86 ( 8.66) |
| Actix GE32+ VLB 1Mb DRAM        |  101h |   37.29 (10.93) |   28.41 ( 8.32) |
| Actix GE32+ VLB 1Mb DRAM        |  110h |   19.01 (11.14) |   14.22 ( 8.33) |
| Actix GE32+ VLB 1Mb DRAM        |  111h |   19.00 (11.13) |   14.25 ( 8.35) |
| Actix GE32+ VLB 1Mb DRAM        |  112h |    3.43 ( 3.21) |    7.85 ( 7.36) |
| Actix GE32+ VLB 1Mb DRAM        | 4101h |   37.30 (10.93) |   28.56 ( 8.37) |
| Actix GE32+ VLB 1Mb DRAM        | 4110h |   19.00 (11.14) |   14.31 ( 8.38) |
| Actix GE32+ VLB 1Mb DRAM        | 4111h |   19.00 (11.13) |   14.30 ( 8.38) |
| Actix GE32+ VLB 1Mb DRAM        | 4112h |    3.43 ( 3.21) |    7.87 ( 7.38) |
+---------------------------------+-------+-----------------+-----------------+
| Orchid Kelvin 64 VLB 2Mb DRAM   |   13h |  460.22 (28.09) |  325.87 (19.89) |
| Orchid Kelvin 64 VLB 2Mb DRAM   |  153h |  451.81 (27.58) |  317.07 (19.35) |
| Orchid Kelvin 64 VLB 2Mb DRAM   |  101h |   95.08 (27.86) |   57.40 (16.82) |
| Orchid Kelvin 64 VLB 2Mb DRAM   |  110h |   42.83 (25.10) |   28.77 (16.86) |
| Orchid Kelvin 64 VLB 2Mb DRAM   |  111h |   42.83 (25.10) |   28.88 (16.92) |
| Orchid Kelvin 64 VLB 2Mb DRAM   |  112h |    9.27 ( 8.69) |   17.91 (16.79) |
| Orchid Kelvin 64 VLB 2Mb DRAM   |  128h |   15.76 (18.46) |   12.22 (14.32) |
| Orchid Kelvin 64 VLB 2Mb DRAM   | 4153h |  452.51 (27.62) |  319.13 (19.48) |
| Orchid Kelvin 64 VLB 2Mb DRAM   | 4101h |   95.11 (27.86) |   57.57 (16.87) |
| Orchid Kelvin 64 VLB 2Mb DRAM   | 4110h |   42.84 (25.10) |   28.85 (16.90) |
| Orchid Kelvin 64 VLB 2Mb DRAM   | 4111h |   42.84 (25.10) |   28.96 (16.97) |
| Orchid Kelvin 64 VLB 2Mb DRAM   | 4112h |    9.27 ( 8.69) |   17.98 (16.85) |
| Orchid Kelvin 64 VLB 2Mb DRAM   | 4128h |   15.75 (18.46) |   12.26 (14.37) |
+---------------------------------+-------+-----------------+-----------------+
| Cirrus GD5429 VLB 2Mb DRAM      |   13h |  147.92 ( 9.03) |  126.55 ( 7.72) |
| Cirrus GD5429 VLB 2Mb DRAM      |  153h |  148.02 ( 9.03) |  126.47 ( 7.72) |
| Cirrus GD5429 VLB 2Mb DRAM      |  101h |   30.85 ( 9.04) |   24.67 ( 7.23) |
| Cirrus GD5429 VLB 2Mb DRAM      |  110h |    5.15 ( 3.02) |    4.13 ( 2.42) |
| Cirrus GD5429 VLB 2Mb DRAM      |  111h |   15.43 ( 9.04) |   12.34 ( 7.23) |
| Cirrus GD5429 VLB 2Mb DRAM      |  112h |    4.64 ( 4.35) |    6.64 ( 6.22) |
| Cirrus GD5429 VLB 2Mb DRAM      | 4153h |  147.38 ( 9.00) |  126.79 ( 7.74) |
| Cirrus GD5429 VLB 2Mb DRAM      | 4101h |   30.85 ( 9.04) |   24.66 ( 7.23) |
| Cirrus GD5429 VLB 2Mb DRAM      | 4110h |    5.15 ( 3.02) |    4.13 ( 2.42) |
| Cirrus GD5429 VLB 2Mb DRAM      | 4111h |   15.43 ( 9.04) |   12.33 ( 7.23) |
| Cirrus GD5429 VLB 2Mb DRAM      | 4112h |    4.64 ( 4.35) |    6.66 ( 6.24) |
+---------------------------------+-------+-----------------+-----------------+
| Cirrus GD5434 VLB 4Mb DRAM      |   13h |  460.19 (28.09) |  325.89 (19.89) |
| Cirrus GD5434 VLB 4Mb DRAM      |  153h |  491.19 (29.98) |  311.57 (19.02) |
| Cirrus GD5434 VLB 4Mb DRAM      |  101h |   97.75 (28.64) |   57.62 (16.88) |
| Cirrus GD5434 VLB 4Mb DRAM      |  110h |   44.62 (26.14) |   28.89 (16.93) |
| Cirrus GD5434 VLB 4Mb DRAM      |  111h |   44.62 (26.15) |   28.78 (16.86) |
| Cirrus GD5434 VLB 4Mb DRAM      |  112h |    9.24 ( 8.66) |   17.96 (16.84) |
| Cirrus GD5434 VLB 4Mb DRAM      |  128h |   18.66 (21.87) |   13.49 (15.80) |
| Cirrus GD5434 VLB 4Mb DRAM      | 4153h |  492.02 (30.03) |  323.34 (19.74) |
| Cirrus GD5434 VLB 4Mb DRAM      | 4101h |   97.77 (28.64) |   58.04 (17.00) |
| Cirrus GD5434 VLB 4Mb DRAM      | 4110h |   44.64 (26.16) |   28.86 (16.91) |
| Cirrus GD5434 VLB 4Mb DRAM      | 4111h |   44.52 (26.09) |   28.96 (16.97) |
| Cirrus GD5434 VLB 4Mb DRAM      | 4112h |    9.26 ( 8.69) |   18.02 (16.90) |
| Cirrus GD5434 VLB 4Mb DRAM      | 4128h |   18.66 (21.86) |   13.46 (15.77) |
+---------------------------------+-------+-----------------+-----------------+
| Cirrus 5430 VLB 2Mb DRAM        |   13h |  197.53 (12.06) |  161.11 ( 9.83) |
| Cirrus 5430 VLB 2Mb DRAM        |  153h |  195.69 (11.94) |  159.74 ( 9.75) |
| Cirrus 5430 VLB 2Mb DRAM        |  101h |   40.98 (12.01) |   30.78 ( 9.02) |
| Cirrus 5430 VLB 2Mb DRAM        |  110h |   18.38 (10.77) |   15.29 ( 8.96) |
| Cirrus 5430 VLB 2Mb DRAM        |  111h |   18.38 (10.77) |   15.29 ( 8.96) |
| Cirrus 5430 VLB 2Mb DRAM        |  112h |    4.09 ( 3.84) |    6.59 ( 6.18) |
| Cirrus 5430 VLB 2Mb DRAM        | 4153h |  196.88 (12.02) |  160.19 ( 9.78) |
| Cirrus 5430 VLB 2Mb DRAM        | 4101h |   40.93 (11.99) |   30.89 ( 9.05) |
| Cirrus 5430 VLB 2Mb DRAM        | 4110h |   18.38 (10.77) |   15.36 ( 9.00) |
| Cirrus 5430 VLB 2Mb DRAM        | 4111h |   18.38 (10.77) |   15.36 ( 9.00) |
| Cirrus 5430 VLB 2Mb DRAM        | 4112h |    4.09 ( 3.84) |    6.60 ( 6.19) |
+---------------------------------+-------+-----------------+-----------------+
| ALG2228 VLB 1Mb DRAM            |   13h |  413.84 (25.26) |  265.32 (16.19) |
| ALG2228 VLB 1Mb DRAM            |  153h |  413.43 (25.23) |  272.17 (16.61) |
| ALG2228 VLB 1Mb DRAM            |  101h |   86.18 (25.25) |   49.56 (14.52) |
| ALG2228 VLB 1Mb DRAM            |  110h |   43.09 (25.25) |   24.70 (14.47) |
| ALG2228 VLB 1Mb DRAM            |  111h |   42.96 (25.17) |   24.78 (14.52) |
| ALG2228 VLB 1Mb DRAM            |  112h |    7.77 ( 7.29) |   15.49 (14.52) |
+---------------------------------+-------+-----------------+-----------------+
| Spider 256Cache VLB 2Mb DRAM    |   13h |  516.89 (31.55) |  326.56 (19.93) |
| Spider 256Cache VLB 2Mb DRAM    |  153h |  507.48 (30.97) |  325.64 (19.88) |
| Spider 256Cache VLB 2Mb DRAM    |  101h |  107.44 (31.48) |   58.00 (16.99) |
| Spider 256Cache VLB 2Mb DRAM    |  110h |   43.68 (25.60) |   28.89 (16.93) |
| Spider 256Cache VLB 2Mb DRAM    |  111h |   43.69 (25.60) |   29.00 (16.99) |
| Spider 256Cache VLB 2Mb DRAM    |  112h |    4.92 ( 4.32) |   14.57 (12.81) |
| Spider 256Cache VLB 2Mb DRAM    | 4153h |  517.46 (31.58) |  328.10 (20.03) |
| Spider 256Cache VLB 2Mb DRAM    | 4101h |  107.51 (31.50) |   57.96 (16.98) |
| Spider 256Cache VLB 2Mb DRAM    | 4110h |   43.71 (25.61) |   28.98 (16.98) |
| Spider 256Cache VLB 2Mb DRAM    | 4111h |   43.71 (25.61) |   28.98 (16.98) |
| Spider 256Cache VLB 2Mb DRAM    | 4112h |    4.92 ( 4.32) |   14.67 (12.89) |
+---------------------------------+-------+-----------------+-----------------+
| ATI GP Turbo VLB 2Mb VRAM       |   13h |  413.45 (25.23) |  282.06 (17.22) |
| ATI GP Turbo VLB 2Mb VRAM       |  153h |  413.25 (25.22) |  281.35 (17.17) |
| ATI GP Turbo VLB 2Mb VRAM       |  101h |   86.14 (25.24) |   51.22 (15.01) |
| ATI GP Turbo VLB 2Mb VRAM       |  110h |   43.00 (25.20) |   25.53 (14.96) |
| ATI GP Turbo VLB 2Mb VRAM       |  111h |   43.00 (25.20) |   25.52 (14.96) |
| ATI GP Turbo VLB 2Mb VRAM       |  112h |    9.56 ( 8.40) |   17.07 (15.00) |
| ATI GP Turbo VLB 2Mb VRAM       |  128h |   21.51 (25.20) |   12.75 (14.94) |
| ATI GP Turbo VLB 2Mb VRAM       | 4153h |  408.69 (24.94) |  283.19 (17.28) |
| ATI GP Turbo VLB 2Mb VRAM       | 4101h |   85.90 (25.17) |   51.37 (15.05) |
| ATI GP Turbo VLB 2Mb VRAM       | 4110h |   43.00 (25.20) |   25.61 (15.00) |
| ATI GP Turbo VLB 2Mb VRAM       | 4111h |   43.00 (25.20) |   25.61 (15.00) |
| ATI GP Turbo VLB 2Mb VRAM       | 4112h |    9.57 ( 8.41) |   17.12 (15.05) |
| ATI GP Turbo VLB 2Mb VRAM       | 4128h |   21.50 (25.20) |   12.79 (14.99) |
+---------------------------------+-------+-----------------+-----------------+

