<< ... MemCheck run started at Tue Jul 22 14:27:49 1997 ... >>

  . . . . . . . . . . .  MemCheck Settings  . . . . . . . . . . .
  Program: K:\TEST\V108\GTADOS\K.EXE
     Compiler: Watcom C/C++386, Flat model
     EXE Type: 32-bit protected mode
  Null pointer assignments:
     FAR  null checking: OFF  Extent: 16 bytes
     NEAR null checking: OFF  Extent: 16 bytes
  Stack Settings:
     Stack Length: 4037 (0FC5h) bytes  Standard Stack: YES
     Stack Profiling: YES
        Danger Zone: 512 bytes  Danger Zone scan freq: 10
  Advanced Pointer Validation: ON
        Search Heap: YES  Permit Code Writes: NO
  Miscellaneous:
     AutoInit: ON          Fast Mode: OFF        Log Writes: Commit    
     Env. Var: MEMCHECK    Rocket: MEMORY        
     Clear Buffers on Free: NO   Fill Char: 0xFD
  Exception Handling: ON
     Exceptions handled: 00h 06h 08h 09h 0Ah 0Dh 0Eh 

  MemCheck 3.5   Build date: Jun 25 1996
  . . . . . . . . . . . . . . . . . . . . . . . . . . . . . . . . . .

MemCheck V3.50 Active (License: DMA Design Ltd)
No free for malloc after startup, size=8, 0x82a018a4, #222
  >>> MemCheck Tip: use erf_find_leaks() to track down leaking
  >>> buffers reported 'after' a file & line location.  See the
  >>> MemCheck Troubleshooting Appendix or Knowledge Base for details.

End of run summary:

  Stack used          : 2640 (0A50h) of 4037 (0FC5h) bytes
  Max memory allocated: 124672 (01E700h) bytes
  Errors detected:
    - memory leakage

<< ... MemCheck run ended ... >>


